<?xml version="1.0" encoding="UTF-8"?>
<testsuite name="ru.netology.delivery.DeliveryDataTest" tests="1" skipped="0" failures="0" errors="0" timestamp="2023-12-17T16:24:39" hostname="MacBook-Air-mac.local" time="19.693">
  <properties/>
  <testcase name="Should successful plan and replan meeting" classname="ru.netology.delivery.DeliveryDataTest" time="19.693"/>
  <system-out><![CDATA[]]></system-out>
  <system-err><![CDATA[SLF4J: No SLF4J providers were found.
SLF4J: Defaulting to no-operation (NOP) logger implementation
SLF4J: See https://www.slf4j.org/codes.html#noProviders for further details.
дек. 17, 2023 11:24:52 PM org.openqa.selenium.devtools.CdpVersionFinder findNearestMatch
WARNING: Unable to find an exact match for CDP version 116, so returning the closest version found: 115
]]></system-err>
</testsuite>
